autoscan: warning: missing AC_CHECK_FUNCS([socket]) wanted by: 
	external/SFML/include/SFML/Network/Socket.hpp:125
	external/SFML/include/SFML/Network/Socket.hpp:176
autoscan: warning: missing AC_TYPE_SIZE_T wanted by: 
	external/SFML/include/SFML/Window/VideoMode.hpp:215
	external/SFML/include/SFML/System/String.hpp:58
	external/SFML/include/SFML/System/String.hpp:332
	external/SFML/include/SFML/System/String.hpp:345
	external/SFML/include/SFML/System/String.hpp:365
	external/SFML/include/SFML/System/String.hpp:387
	external/SFML/include/SFML/System/String.hpp:387
	external/SFML/include/SFML/System/String.hpp:399
	external/SFML/include/SFML/System/String.hpp:413
	external/SFML/include/SFML/System/String.hpp:413
	external/SFML/include/SFML/System/String.hpp:427
	external/SFML/include/SFML/System/String.hpp:427
	external/SFML/include/SFML/System/String.hpp:456
	external/SFML/include/SFML/System/String.hpp:456
	external/SFML/include/SFML/System/MemoryInputStream.hpp:60
	external/SFML/include/SFML/System/Utf.hpp:114
	external/SFML/include/SFML/System/Utf.hpp:321
	external/SFML/include/SFML/System/Utf.hpp:529
	external/SFML/include/SFML/Graphics/VertexArray.hpp:64
	external/SFML/include/SFML/Graphics/VertexArray.hpp:72
	external/SFML/include/SFML/Graphics/VertexArray.hpp:88
	external/SFML/include/SFML/Graphics/VertexArray.hpp:104
	external/SFML/include/SFML/Graphics/VertexArray.hpp:129
	external/SFML/include/SFML/Graphics/Glsl.hpp:42
	external/SFML/include/SFML/Graphics/Glsl.hpp:42
	external/SFML/include/SFML/Graphics/VertexBuffer.hpp:137
	external/SFML/include/SFML/Graphics/VertexBuffer.hpp:145
	external/SFML/include/SFML/Graphics/VertexBuffer.hpp:198
	external/SFML/include/SFML/Graphics/VertexBuffer.hpp:338
	external/SFML/include/SFML/Graphics/ConvexShape.hpp:52
	external/SFML/include/SFML/Graphics/ConvexShape.hpp:64
	external/SFML/include/SFML/Graphics/ConvexShape.hpp:74
	external/SFML/include/SFML/Graphics/ConvexShape.hpp:91
	external/SFML/include/SFML/Graphics/ConvexShape.hpp:108
	external/SFML/include/SFML/Graphics/Shader.hpp:496
	external/SFML/include/SFML/Graphics/Shader.hpp:506
	external/SFML/include/SFML/Graphics/Shader.hpp:516
	external/SFML/include/SFML/Graphics/Shader.hpp:526
	external/SFML/include/SFML/Graphics/Shader.hpp:536
	external/SFML/include/SFML/Graphics/Shader.hpp:546
	external/SFML/include/SFML/Graphics/Texture.hpp:160
	external/SFML/include/SFML/Graphics/Text.hpp:385
	external/SFML/include/SFML/Graphics/Shape.hpp:196
	external/SFML/include/SFML/Graphics/Shape.hpp:213
	external/SFML/include/SFML/Graphics/CircleShape.hpp:52
	external/SFML/include/SFML/Graphics/CircleShape.hpp:82
	external/SFML/include/SFML/Graphics/CircleShape.hpp:92
	external/SFML/include/SFML/Graphics/CircleShape.hpp:107
	external/SFML/include/SFML/Graphics/CircleShape.hpp:115
	external/SFML/include/SFML/Graphics/RenderTarget.hpp:248
	external/SFML/include/SFML/Graphics/RenderTarget.hpp:269
	external/SFML/include/SFML/Graphics/RenderTarget.hpp:269
	external/SFML/include/SFML/Graphics/RenderTarget.hpp:443
	external/SFML/include/SFML/Graphics/RenderTarget.hpp:443
	external/SFML/include/SFML/Graphics/Font.hpp:130
	external/SFML/include/SFML/Graphics/RectangleShape.hpp:80
	external/SFML/include/SFML/Graphics/RectangleShape.hpp:95
	external/SFML/include/SFML/Graphics/Image.hpp:122
	external/SFML/include/SFML/Audio/SoundBufferRecorder.hpp:86
	external/SFML/include/SFML/Audio/InputSoundFile.hpp:88
	external/SFML/include/SFML/Audio/SoundFileFactory.hpp:113
	external/SFML/include/SFML/Audio/Music.hpp:143
	external/SFML/include/SFML/Audio/SoundStream.hpp:56
	external/SFML/include/SFML/Audio/SoundRecorder.hpp:243
	external/SFML/include/SFML/Audio/SoundRecorder.hpp:377
	external/SFML/include/SFML/Audio/SoundBuffer.hpp:102
	external/SFML/include/SFML/Network/Packet.hpp:50
	external/SFML/include/SFML/Network/Packet.hpp:77
	external/SFML/include/SFML/Network/Packet.hpp:115
	external/SFML/include/SFML/Network/Packet.hpp:358
	external/SFML/include/SFML/Network/Packet.hpp:377
	external/SFML/include/SFML/Network/Packet.hpp:398
	external/SFML/include/SFML/Network/Packet.hpp:404
	external/SFML/include/SFML/Network/Packet.hpp:405
	external/SFML/include/SFML/Network/Packet.hpp:507
	external/SFML/include/SFML/Network/Packet.hpp:510
	external/SFML/include/SFML/Network/Packet.hpp:515
	external/SFML/include/SFML/Network/Packet.hpp:517
	external/SFML/include/SFML/Network/TcpSocket.hpp:129
	external/SFML/include/SFML/Network/TcpSocket.hpp:129
	external/SFML/include/SFML/Network/TcpSocket.hpp:141
	external/SFML/include/SFML/Network/TcpSocket.hpp:157
	external/SFML/include/SFML/Network/TcpSocket.hpp:157
	external/SFML/include/SFML/Network/TcpSocket.hpp:175
	external/SFML/include/SFML/Network/TcpSocket.hpp:175
	external/SFML/include/SFML/Network/TcpSocket.hpp:224
	external/SFML/include/SFML/Network/TcpSocket.hpp:288
	external/SFML/include/SFML/Network/TcpSocket.hpp:305
	external/SFML/include/SFML/Network/UdpSocket.hpp:131
	external/SFML/include/SFML/Network/UdpSocket.hpp:154
	external/SFML/include/SFML/Network/UdpSocket.hpp:154
	external/SFML/include/SFML/Network/UdpSocket.hpp:264
	external/SFML/include/SFML/Network/UdpSocket.hpp:278
